current directory: /home/shotaro/git/desire-record-open/vender/bundle/ruby/2.4.0/gems/msgpack-1.3.1/ext/msgpack
/home/shotaro/.rbenv/versions/2.4.1/bin/ruby -r ./siteconf20191022-4317-1yhufhv.rb extconf.rb
checking for ruby/st.h... yes
checking for st.h... yes
checking for rb_str_replace() in ruby.h... yes
checking for rb_intern_str() in ruby.h... yes
checking for rb_sym2str() in ruby.h... yes
checking for rb_str_intern() in ruby.h... yes
checking for rb_block_lambda() in ruby.h... yes
checking for rb_hash_dup() in ruby.h... yes
checking for rb_hash_clear() in ruby.h... yes
creating Makefile

current directory: /home/shotaro/git/desire-record-open/vender/bundle/ruby/2.4.0/gems/msgpack-1.3.1/ext/msgpack
make "DESTDIR=" clean

current directory: /home/shotaro/git/desire-record-open/vender/bundle/ruby/2.4.0/gems/msgpack-1.3.1/ext/msgpack
make "DESTDIR="
compiling buffer.c
compiling buffer_class.c
compiling extension_value_class.c
compiling factory_class.c
compiling packer.c
compiling packer_class.c
compiling packer_ext_registry.c
compiling rbinit.c
compiling rmem.c
compiling unpacker.c
compiling unpacker_class.c
unpacker_class.c:219:14: warning: ‘Unpacker_peek_next_type’ defined but not used [-Wunused-function]
 static VALUE Unpacker_peek_next_type(VALUE self)
              ^
cc1: warning: unrecognized command line option ‘-Wno-self-assign’
cc1: warning: unrecognized command line option ‘-Wno-constant-logical-operand’
cc1: warning: unrecognized command line option ‘-Wno-parentheses-equality’
cc1: warning: unrecognized command line option ‘-Wno-tautological-compare’
compiling unpacker_ext_registry.c
linking shared-object msgpack/msgpack.so

current directory: /home/shotaro/git/desire-record-open/vender/bundle/ruby/2.4.0/gems/msgpack-1.3.1/ext/msgpack
make "DESTDIR=" install
/usr/bin/install -c -m 0755 msgpack.so ./.gem.20191022-4317-11m8tkn/msgpack
