current directory: /home/shotaro/git/desire-record-open/vender/bundle/ruby/2.4.0/gems/bootsnap-1.4.5/ext/bootsnap
/home/shotaro/.rbenv/versions/2.4.1/bin/ruby -r ./siteconf20191022-4317-1yfvu5a.rb extconf.rb
creating Makefile

current directory: /home/shotaro/git/desire-record-open/vender/bundle/ruby/2.4.0/gems/bootsnap-1.4.5/ext/bootsnap
make "DESTDIR=" clean

current directory: /home/shotaro/git/desire-record-open/vender/bundle/ruby/2.4.0/gems/bootsnap-1.4.5/ext/bootsnap
make "DESTDIR="
compiling bootsnap.c
bootsnap.c: In function ‘get_ruby_platform’:
bootsnap.c:240:3: warning: ISO C90 forbids mixed declarations and code [-Wdeclaration-after-statement]
   struct utsname utsname;
   ^
bootsnap.c: In function ‘bs_cache_path’:
bootsnap.c:266:24: warning: format ‘%llx’ expects argument of type ‘long long unsigned int’, but argument 5 has type ‘uint64_t {aka long unsigned int}’ [-Wformat=]
   sprintf(*cache_path, "%s/%02x/%014llx", cachedir, first_byte, remainder);
                        ^
bootsnap.c: In function ‘bs_rb_fetch’:
bootsnap.c:307:3: warning: ISO C90 forbids mixed declarations and code [-Wdeclaration-after-statement]
   char * cachedir = RSTRING_PTR(cachedir_v);
   ^
bootsnap.c: At top level:
cc1: warning: unrecognized command line option ‘-Wno-self-assign’
cc1: warning: unrecognized command line option ‘-Wno-constant-logical-operand’
cc1: warning: unrecognized command line option ‘-Wno-parentheses-equality’
cc1: warning: unrecognized command line option ‘-Wno-tautological-compare’
linking shared-object bootsnap/bootsnap.so

current directory: /home/shotaro/git/desire-record-open/vender/bundle/ruby/2.4.0/gems/bootsnap-1.4.5/ext/bootsnap
make "DESTDIR=" install
/usr/bin/install -c -m 0755 bootsnap.so ./.gem.20191022-4317-8rtmbz/bootsnap
